<?xml version="1.0" encoding="UTF-8"?>
<testng-results skipped="0" failed="0" total="2" passed="2">
  <reporter-output>
  </reporter-output>
  <suite name="Default suite" duration-ms="7328" started-at="2018-06-23T06:28:11Z" finished-at="2018-06-23T06:28:18Z">
    <groups>
    </groups>
    <test name="Default test" duration-ms="7328" started-at="2018-06-23T06:28:11Z" finished-at="2018-06-23T06:28:18Z">
      <class name="com.test.myzs.SeleniumDemo">
        <test-method status="PASS" signature="test001()[pri:0, instance:com.test.myzs.SeleniumDemo@75412c2f]" name="test001" duration-ms="4082" started-at="2018-06-23T14:28:11Z" finished-at="2018-06-23T14:28:15Z">
          <reporter-output>
          </reporter-output>
        </test-method> <!-- test001 -->
        <test-method status="PASS" signature="test003()[pri:0, instance:com.test.myzs.SeleniumDemo@75412c2f]" name="test003" duration-ms="236" started-at="2018-06-23T14:28:15Z" finished-at="2018-06-23T14:28:15Z">
          <reporter-output>
          </reporter-output>
        </test-method> <!-- test003 -->
        <test-method status="PASS" signature="waitsleep()[pri:0, instance:com.test.myzs.SeleniumDemo@75412c2f]" name="waitsleep" is-config="true" duration-ms="3000" started-at="2018-06-23T14:28:15Z" finished-at="2018-06-23T14:28:18Z">
          <reporter-output>
          </reporter-output>
        </test-method> <!-- waitsleep -->
      </class> <!-- com.test.myzs.SeleniumDemo -->
    </test> <!-- Default test -->
  </suite> <!-- Default suite -->
</testng-results>
